# JRE version: OpenJDK Runtime Environment Temurin-17.0.2+8 (17.0.2+8) (build 17.0.2+8)
# Java VM: OpenJDK 64-Bit Server VM Temurin-17.0.2+8 (17.0.2+8, mixed mode, tiered, compressed oops, compressed class ptrs, g1 gc, windows-amd64)
GC Precious Log:
 CPUs: 4 total, 4 available
 Memory: 6030M
 Large Page Support: Disabled
 NUMA Support: Disabled
 Compressed Oops: Enabled (32-bit)
 Heap Region Size: 1M
 Heap Min Capacity: 8M
 Heap Initial Capacity: 96M
 Heap Max Capacity: 1508M
 Pre-touch: Disabled
 Parallel Workers: 4
 Concurrent Workers: 1
 Concurrent Refinement Workers: 4
 Periodic GC: Disabled
Heap:
 garbage-first heap   total 198656K, used 78168K [0x00000000a1c00000, 0x0000000100000000)
  region size 1024K, 23 young (23552K), 6 survivors (6144K)
 Metaspace       used 83588K, committed 84224K, reserved 1130496K
  class space    used 10570K, committed 10880K, reserved 1048576K
GC Heap History (20 events):
Event: 1860.718 GC heap before
{Heap before GC invocations=62 (full 4):
 garbage-first heap   total 198656K, used 120132K [0x00000000a1c00000, 0x0000000100000000)
  region size 1024K, 71 young (72704K), 1 survivors (1024K)
 Metaspace       used 83086K, committed 83776K, reserved 1122304K
  class space    used 10552K, committed 10880K, reserved 1048576K
}
Event: 1863.578 GC heap after
{Heap after GC invocations=63 (full 4):
 garbage-first heap   total 198656K, used 52400K [0x00000000a1c00000, 0x0000000100000000)
  region size 1024K, 5 young (5120K), 5 survivors (5120K)
 Metaspace       used 83086K, committed 83776K, reserved 1122304K
  class space    used 10552K, committed 10880K, reserved 1048576K
}
Event: 1865.058 GC heap before
{Heap before GC invocations=63 (full 4):
 garbage-first heap   total 198656K, used 56496K [0x00000000a1c00000, 0x0000000100000000)
  region size 1024K, 9 young (9216K), 5 survivors (5120K)
 Metaspace       used 83086K, committed 83776K, reserved 1122304K
  class space    used 10552K, committed 10880K, reserved 1048576K
}
Event: 1865.133 GC heap after
{Heap after GC invocations=64 (full 4):
 garbage-first heap   total 198656K, used 53334K [0x00000000a1c00000, 0x0000000100000000)
  region size 1024K, 1 young (1024K), 1 survivors (1024K)
 Metaspace       used 83086K, committed 83776K, reserved 1122304K
  class space    used 10552K, committed 10880K, reserved 1048576K
}
Event: 1866.585 GC heap before
{Heap before GC invocations=64 (full 4):
 garbage-first heap   total 198656K, used 60502K [0x00000000a1c00000, 0x0000000100000000)
  region size 1024K, 9 young (9216K), 1 survivors (1024K)
 Metaspace       used 83086K, committed 83776K, reserved 1122304K
  class space    used 10552K, committed 10880K, reserved 1048576K
}
Event: 1866.592 GC heap after
{Heap after GC invocations=65 (full 4):
 garbage-first heap   total 198656K, used 53734K [0x00000000a1c00000, 0x0000000100000000)
  region size 1024K, 2 young (2048K), 2 survivors (2048K)
 Metaspace       used 83086K, committed 83776K, reserved 1122304K
  class space    used 10552K, committed 10880K, reserved 1048576K
}
Event: 1868.130 GC heap before
{Heap before GC invocations=65 (full 4):
 garbage-first heap   total 198656K, used 59878K [0x00000000a1c00000, 0x0000000100000000)
  region size 1024K, 9 young (9216K), 2 survivors (2048K)
 Metaspace       used 83086K, committed 83776K, reserved 1122304K
  class space    used 10552K, committed 10880K, reserved 1048576K
}
Event: 1868.148 GC heap after
{Heap after GC invocations=66 (full 4):
 garbage-first heap   total 198656K, used 54718K [0x00000000a1c00000, 0x0000000100000000)
  region size 1024K, 2 young (2048K), 2 survivors (2048K)
 Metaspace       used 83086K, committed 83776K, reserved 1122304K
  class space    used 10552K, committed 10880K, reserved 1048576K
}
Event: 1869.805 GC heap before
{Heap before GC invocations=66 (full 4):
 garbage-first heap   total 198656K, used 61886K [0x00000000a1c00000, 0x0000000100000000)
  region size 1024K, 9 young (9216K), 2 survivors (2048K)
 Metaspace       used 83086K, committed 83776K, reserved 1122304K
  class space    used 10552K, committed 10880K, reserved 1048576K
}
Event: 1869.816 GC heap after
{Heap after GC invocations=67 (full 4):
 garbage-first heap   total 198656K, used 55605K [0x00000000a1c00000, 0x0000000100000000)
  region size 1024K, 2 young (2048K), 2 survivors (2048K)
 Metaspace       used 83086K, committed 83776K, reserved 1122304K
  class space    used 10552K, committed 10880K, reserved 1048576K
}
Event: 1876.586 GC heap before
{Heap before GC invocations=67 (full 4):
 garbage-first heap   total 198656K, used 62773K [0x00000000a1c00000, 0x0000000100000000)
  region size 1024K, 9 young (9216K), 2 survivors (2048K)
 Metaspace       used 83089K, committed 83776K, reserved 1122304K
  class space    used 10552K, committed 10880K, reserved 1048576K
}
Event: 1876.597 GC heap after
{Heap after GC invocations=68 (full 4):
 garbage-first heap   total 198656K, used 56565K [0x00000000a1c00000, 0x0000000100000000)
  region size 1024K, 2 young (2048K), 2 survivors (2048K)
 Metaspace       used 83089K, committed 83776K, reserved 1122304K
  class space    used 10552K, committed 10880K, reserved 1048576K
}
Event: 1878.000 GC heap before
{Heap before GC invocations=68 (full 4):
 garbage-first heap   total 198656K, used 63733K [0x00000000a1c00000, 0x0000000100000000)
  region size 1024K, 9 young (9216K), 2 survivors (2048K)
 Metaspace       used 83096K, committed 83776K, reserved 1122304K
  class space    used 10554K, committed 10880K, reserved 1048576K
}
Event: 1878.008 GC heap after
{Heap after GC invocations=69 (full 4):
 garbage-first heap   total 198656K, used 57428K [0x00000000a1c00000, 0x0000000100000000)
  region size 1024K, 2 young (2048K), 2 survivors (2048K)
 Metaspace       used 83096K, committed 83776K, reserved 1122304K
  class space    used 10554K, committed 10880K, reserved 1048576K
}
Event: 1883.182 GC heap before
{Heap before GC invocations=69 (full 4):
 garbage-first heap   total 198656K, used 71764K [0x00000000a1c00000, 0x0000000100000000)
  region size 1024K, 16 young (16384K), 2 survivors (2048K)
 Metaspace       used 83114K, committed 83776K, reserved 1122304K
  class space    used 10555K, committed 10880K, reserved 1048576K
}
Event: 1883.195 GC heap after
{Heap after GC invocations=70 (full 4):
 garbage-first heap   total 198656K, used 58326K [0x00000000a1c00000, 0x0000000100000000)
  region size 1024K, 2 young (2048K), 2 survivors (2048K)
 Metaspace       used 83114K, committed 83776K, reserved 1122304K
  class space    used 10555K, committed 10880K, reserved 1048576K
}
Event: 1901.687 GC heap before
{Heap before GC invocations=70 (full 4):
 garbage-first heap   total 198656K, used 96214K [0x00000000a1c00000, 0x0000000100000000)
  region size 1024K, 38 young (38912K), 2 survivors (2048K)
 Metaspace       used 83241K, committed 83904K, reserved 1130496K
  class space    used 10560K, committed 10880K, reserved 1048576K
}
Event: 1901.702 GC heap after
{Heap after GC invocations=71 (full 4):
 garbage-first heap   total 198656K, used 60160K [0x00000000a1c00000, 0x0000000100000000)
  region size 1024K, 4 young (4096K), 4 survivors (4096K)
 Metaspace       used 83241K, committed 83904K, reserved 1130496K
  class space    used 10560K, committed 10880K, reserved 1048576K
}
Event: 1908.527 GC heap before
{Heap before GC invocations=71 (full 4):
 garbage-first heap   total 198656K, used 116480K [0x00000000a1c00000, 0x0000000100000000)
  region size 1024K, 59 young (60416K), 4 survivors (4096K)
 Metaspace       used 83506K, committed 84160K, reserved 1130496K
  class space    used 10569K, committed 10880K, reserved 1048576K
}
Event: 1908.546 GC heap after
{Heap after GC invocations=72 (full 4):
 garbage-first heap   total 198656K, used 61784K [0x00000000a1c00000, 0x0000000100000000)
  region size 1024K, 6 young (6144K), 6 survivors (6144K)
 Metaspace       used 83506K, committed 84160K, reserved 1130496K
  class space    used 10569K, committed 10880K, reserved 1048576K
}

